[0.082s] DEBUG:colcon:Command line arguments: ['/usr/bin/colcon', 'build', '--packages-select', 'rft64_6a01_ros2_interface']
[0.083s] DEBUG:colcon:Parsed command line arguments: Namespace(allow_overriding=[], ament_cmake_args=None, base_paths=['.'], build_base='build', catkin_cmake_args=None, catkin_skip_building_tests=False, cmake_args=None, cmake_clean_cache=False, cmake_clean_first=False, cmake_force_configure=False, cmake_target=None, cmake_target_skip_unavailable=False, continue_on_error=False, event_handlers=None, executor='parallel', ignore_user_meta=False, install_base='install', log_base=None, log_level=None, main=<bound method BuildVerb.main of <colcon_core.verb.build.BuildVerb object at 0x7f2541a7f520>>, merge_install=False, metas=['./colcon.meta'], packages_above=None, packages_above_and_dependencies=None, packages_above_depth=None, packages_end=None, packages_ignore=None, packages_ignore_regex=None, packages_select=['rft64_6a01_ros2_interface'], packages_select_build_failed=False, packages_select_by_dep=None, packages_select_regex=None, packages_select_test_failures=False, packages_skip=None, packages_skip_build_finished=False, packages_skip_by_dep=None, packages_skip_regex=None, packages_skip_test_passed=False, packages_skip_up_to=None, packages_start=None, packages_up_to=None, packages_up_to_regex=None, parallel_workers=1, paths=None, symlink_install=False, test_result_base=None, verb_extension=<colcon_core.verb.build.BuildVerb object at 0x7f2541a7f520>, verb_name='build', verb_parser=<colcon_defaults.argument_parser.defaults.DefaultArgumentsDecorator object at 0x7f2541a7fa00>)
[0.145s] Level 1:colcon.colcon_core.package_discovery:discover_packages(colcon_meta) check parameters
[0.145s] Level 1:colcon.colcon_core.package_discovery:discover_packages(recursive) check parameters
[0.145s] Level 1:colcon.colcon_core.package_discovery:discover_packages(ignore) check parameters
[0.145s] Level 1:colcon.colcon_core.package_discovery:discover_packages(path) check parameters
[0.145s] Level 1:colcon.colcon_core.package_discovery:discover_packages(colcon_meta) discover
[0.145s] Level 1:colcon.colcon_core.package_discovery:discover_packages(recursive) discover
[0.145s] INFO:colcon.colcon_core.package_discovery:Crawling recursively for packages in '/home/user2/catkin_ws/src/rft64_6a01_ros2_interface'
[0.145s] Level 1:colcon.colcon_core.package_identification:_identify(.) by extensions ['ignore', 'ignore_ament_install']
[0.145s] Level 1:colcon.colcon_core.package_identification:_identify(.) by extension 'ignore'
[0.145s] Level 1:colcon.colcon_core.package_identification:_identify(.) by extension 'ignore_ament_install'
[0.145s] Level 1:colcon.colcon_core.package_identification:_identify(.) by extensions ['colcon_pkg']
[0.145s] Level 1:colcon.colcon_core.package_identification:_identify(.) by extension 'colcon_pkg'
[0.145s] Level 1:colcon.colcon_core.package_identification:_identify(.) by extensions ['colcon_meta']
[0.145s] Level 1:colcon.colcon_core.package_identification:_identify(.) by extension 'colcon_meta'
[0.145s] Level 1:colcon.colcon_core.package_identification:_identify(.) by extensions ['ros']
[0.145s] Level 1:colcon.colcon_core.package_identification:_identify(.) by extension 'ros'
[0.151s] DEBUG:colcon.colcon_core.package_identification:Package '.' with type 'ros.ament_cmake' and name 'rft64_6a01_ros2_interface'
[0.151s] Level 1:colcon.colcon_core.package_discovery:discover_packages(recursive) using defaults
[0.151s] Level 1:colcon.colcon_core.package_discovery:discover_packages(ignore) discover
[0.151s] Level 1:colcon.colcon_core.package_discovery:discover_packages(ignore) using defaults
[0.151s] Level 1:colcon.colcon_core.package_discovery:discover_packages(path) discover
[0.151s] Level 1:colcon.colcon_core.package_discovery:discover_packages(path) using defaults
[0.159s] Level 1:colcon.colcon_core.package_discovery:discover_packages(prefix_path) check parameters
[0.160s] Level 1:colcon.colcon_core.package_discovery:discover_packages(prefix_path) discover
[0.160s] DEBUG:colcon.colcon_installed_package_information.package_discovery:Found 256 installed packages in /opt/ros/foxy
[0.161s] Level 1:colcon.colcon_core.package_discovery:discover_packages(prefix_path) using defaults
[0.189s] Level 5:colcon.colcon_core.verb:set package 'rft64_6a01_ros2_interface' build argument 'cmake_args' from command line to 'None'
[0.189s] Level 5:colcon.colcon_core.verb:set package 'rft64_6a01_ros2_interface' build argument 'cmake_target' from command line to 'None'
[0.189s] Level 5:colcon.colcon_core.verb:set package 'rft64_6a01_ros2_interface' build argument 'cmake_target_skip_unavailable' from command line to 'False'
[0.189s] Level 5:colcon.colcon_core.verb:set package 'rft64_6a01_ros2_interface' build argument 'cmake_clean_cache' from command line to 'False'
[0.189s] Level 5:colcon.colcon_core.verb:set package 'rft64_6a01_ros2_interface' build argument 'cmake_clean_first' from command line to 'False'
[0.189s] Level 5:colcon.colcon_core.verb:set package 'rft64_6a01_ros2_interface' build argument 'cmake_force_configure' from command line to 'False'
[0.189s] Level 5:colcon.colcon_core.verb:set package 'rft64_6a01_ros2_interface' build argument 'ament_cmake_args' from command line to 'None'
[0.189s] Level 5:colcon.colcon_core.verb:set package 'rft64_6a01_ros2_interface' build argument 'catkin_cmake_args' from command line to 'None'
[0.189s] Level 5:colcon.colcon_core.verb:set package 'rft64_6a01_ros2_interface' build argument 'catkin_skip_building_tests' from command line to 'False'
[0.189s] DEBUG:colcon.colcon_core.verb:Building package 'rft64_6a01_ros2_interface' with the following arguments: {'ament_cmake_args': None, 'build_base': '/home/user2/catkin_ws/src/rft64_6a01_ros2_interface/build/rft64_6a01_ros2_interface', 'catkin_cmake_args': None, 'catkin_skip_building_tests': False, 'cmake_args': None, 'cmake_clean_cache': False, 'cmake_clean_first': False, 'cmake_force_configure': False, 'cmake_target': None, 'cmake_target_skip_unavailable': False, 'install_base': '/home/user2/catkin_ws/src/rft64_6a01_ros2_interface/install/rft64_6a01_ros2_interface', 'merge_install': False, 'path': '/home/user2/catkin_ws/src/rft64_6a01_ros2_interface', 'symlink_install': False, 'test_result_base': None}
[0.189s] INFO:colcon.colcon_core.executor:Executing jobs using 'parallel' executor
[0.189s] DEBUG:colcon.colcon_parallel_executor.executor.parallel:run_until_complete
[0.189s] INFO:colcon.colcon_ros.task.ament_cmake.build:Building ROS package in '/home/user2/catkin_ws/src/rft64_6a01_ros2_interface' with build type 'ament_cmake'
[0.189s] INFO:colcon.colcon_cmake.task.cmake.build:Building CMake package in '/home/user2/catkin_ws/src/rft64_6a01_ros2_interface'
[0.190s] INFO:colcon.colcon_core.plugin_system:Skipping extension 'colcon_core.shell.bat': Not used on non-Windows systems
[0.190s] INFO:colcon.colcon_core.shell:Skip shell extension 'powershell' for command environment: Not usable outside of PowerShell
[0.190s] DEBUG:colcon.colcon_core.shell:Skip shell extension 'dsv' for command environment
[0.200s] DEBUG:colcon.colcon_core.event_handler.log_command:Invoking command in '/home/user2/catkin_ws/src/rft64_6a01_ros2_interface/build/rft64_6a01_ros2_interface': CMAKE_PREFIX_PATH=/opt/ros/foxy /usr/bin/cmake --build /home/user2/catkin_ws/src/rft64_6a01_ros2_interface/build/rft64_6a01_ros2_interface -- -j1 -l1
[0.218s] Level 1:colcon.colcon_core.environment:create_environment_scripts_only(rft64_6a01_ros2_interface)
[0.219s] Level 1:colcon.colcon_core.environment:checking '/home/user2/catkin_ws/src/rft64_6a01_ros2_interface/install/rft64_6a01_ros2_interface' for CMake module files
[0.219s] Level 1:colcon.colcon_core.environment:checking '/home/user2/catkin_ws/src/rft64_6a01_ros2_interface/install/rft64_6a01_ros2_interface' for CMake config files
[0.219s] Level 1:colcon.colcon_core.shell:create_environment_hook('rft64_6a01_ros2_interface', 'cmake_prefix_path')
[0.219s] INFO:colcon.colcon_core.shell:Creating environment hook '/home/user2/catkin_ws/src/rft64_6a01_ros2_interface/install/rft64_6a01_ros2_interface/share/rft64_6a01_ros2_interface/hook/cmake_prefix_path.ps1'
[0.220s] DEBUG:colcon.colcon_core.event_handler.log_command:Invoked command in '/home/user2/catkin_ws/src/rft64_6a01_ros2_interface/build/rft64_6a01_ros2_interface' returned '2': CMAKE_PREFIX_PATH=/opt/ros/foxy /usr/bin/cmake --build /home/user2/catkin_ws/src/rft64_6a01_ros2_interface/build/rft64_6a01_ros2_interface -- -j1 -l1
[0.220s] INFO:colcon.colcon_core.shell:Creating environment descriptor '/home/user2/catkin_ws/src/rft64_6a01_ros2_interface/install/rft64_6a01_ros2_interface/share/rft64_6a01_ros2_interface/hook/cmake_prefix_path.dsv'
[0.221s] INFO:colcon.colcon_core.shell:Creating environment hook '/home/user2/catkin_ws/src/rft64_6a01_ros2_interface/install/rft64_6a01_ros2_interface/share/rft64_6a01_ros2_interface/hook/cmake_prefix_path.sh'
[0.221s] Level 1:colcon.colcon_core.environment:checking '/home/user2/catkin_ws/src/rft64_6a01_ros2_interface/install/rft64_6a01_ros2_interface/lib'
[0.222s] Level 1:colcon.colcon_core.environment:checking '/home/user2/catkin_ws/src/rft64_6a01_ros2_interface/install/rft64_6a01_ros2_interface/bin'
[0.222s] Level 1:colcon.colcon_core.environment:checking '/home/user2/catkin_ws/src/rft64_6a01_ros2_interface/install/rft64_6a01_ros2_interface/lib/pkgconfig/rft64_6a01_ros2_interface.pc'
[0.222s] Level 1:colcon.colcon_core.environment:checking '/home/user2/catkin_ws/src/rft64_6a01_ros2_interface/install/rft64_6a01_ros2_interface/lib/python3.8/site-packages'
[0.222s] Level 1:colcon.colcon_core.environment:checking '/home/user2/catkin_ws/src/rft64_6a01_ros2_interface/install/rft64_6a01_ros2_interface/bin'
[0.222s] INFO:colcon.colcon_core.shell:Creating package script '/home/user2/catkin_ws/src/rft64_6a01_ros2_interface/install/rft64_6a01_ros2_interface/share/rft64_6a01_ros2_interface/package.ps1'
[0.223s] INFO:colcon.colcon_core.shell:Creating package descriptor '/home/user2/catkin_ws/src/rft64_6a01_ros2_interface/install/rft64_6a01_ros2_interface/share/rft64_6a01_ros2_interface/package.dsv'
[0.223s] INFO:colcon.colcon_core.shell:Creating package script '/home/user2/catkin_ws/src/rft64_6a01_ros2_interface/install/rft64_6a01_ros2_interface/share/rft64_6a01_ros2_interface/package.sh'
[0.224s] INFO:colcon.colcon_core.shell:Creating package script '/home/user2/catkin_ws/src/rft64_6a01_ros2_interface/install/rft64_6a01_ros2_interface/share/rft64_6a01_ros2_interface/package.bash'
[0.225s] INFO:colcon.colcon_core.shell:Creating package script '/home/user2/catkin_ws/src/rft64_6a01_ros2_interface/install/rft64_6a01_ros2_interface/share/rft64_6a01_ros2_interface/package.zsh'
[0.225s] Level 1:colcon.colcon_core.environment:create_file_with_runtime_dependencies(/home/user2/catkin_ws/src/rft64_6a01_ros2_interface/install/rft64_6a01_ros2_interface/share/colcon-core/packages/rft64_6a01_ros2_interface)
[0.227s] DEBUG:colcon.colcon_parallel_executor.executor.parallel:closing loop
[0.227s] DEBUG:colcon.colcon_parallel_executor.executor.parallel:loop closed
[0.227s] DEBUG:colcon.colcon_parallel_executor.executor.parallel:run_until_complete finished with '2'
[0.227s] DEBUG:colcon.colcon_core.event_reactor:joining thread
[0.230s] INFO:colcon.colcon_core.plugin_system:Skipping extension 'colcon_notification.desktop_notification.terminal_notifier': Not used on non-Darwin systems
[0.230s] INFO:colcon.colcon_core.plugin_system:Skipping extension 'colcon_notification.desktop_notification.win32': Not used on non-Windows systems
[0.230s] INFO:colcon.colcon_notification.desktop_notification:Sending desktop notification using 'notify2'
[0.241s] DEBUG:colcon.colcon_core.event_reactor:joined thread
[0.241s] INFO:colcon.colcon_core.shell:Creating prefix script '/home/user2/catkin_ws/src/rft64_6a01_ros2_interface/install/local_setup.ps1'
[0.242s] INFO:colcon.colcon_core.shell:Creating prefix util module '/home/user2/catkin_ws/src/rft64_6a01_ros2_interface/install/_local_setup_util_ps1.py'
[0.243s] INFO:colcon.colcon_core.shell:Creating prefix chain script '/home/user2/catkin_ws/src/rft64_6a01_ros2_interface/install/setup.ps1'
[0.244s] INFO:colcon.colcon_core.shell:Creating prefix script '/home/user2/catkin_ws/src/rft64_6a01_ros2_interface/install/local_setup.sh'
[0.246s] INFO:colcon.colcon_core.shell:Creating prefix util module '/home/user2/catkin_ws/src/rft64_6a01_ros2_interface/install/_local_setup_util_sh.py'
[0.250s] INFO:colcon.colcon_core.shell:Creating prefix chain script '/home/user2/catkin_ws/src/rft64_6a01_ros2_interface/install/setup.sh'
[0.251s] INFO:colcon.colcon_core.shell:Creating prefix script '/home/user2/catkin_ws/src/rft64_6a01_ros2_interface/install/local_setup.bash'
[0.252s] INFO:colcon.colcon_core.shell:Creating prefix chain script '/home/user2/catkin_ws/src/rft64_6a01_ros2_interface/install/setup.bash'
[0.253s] INFO:colcon.colcon_core.shell:Creating prefix script '/home/user2/catkin_ws/src/rft64_6a01_ros2_interface/install/local_setup.zsh'
[0.253s] INFO:colcon.colcon_core.shell:Creating prefix chain script '/home/user2/catkin_ws/src/rft64_6a01_ros2_interface/install/setup.zsh'
