-- The C compiler identification is GNU 9.4.0
-- The CXX compiler identification is GNU 9.4.0
-- Check for working C compiler: /usr/bin/cc
-- Check for working C compiler: /usr/bin/cc -- works
-- Detecting C compiler ABI info
-- Detecting C compiler ABI info - done
-- Detecting C compile features
-- Detecting C compile features - done
-- Check for working CXX compiler: /usr/bin/c++
-- Check for working CXX compiler: /usr/bin/c++ -- works
-- Detecting CXX compiler ABI info
-- Detecting CXX compiler ABI info - done
-- Detecting CXX compile features
-- Detecting CXX compile features - done
-- Found ament_cmake: 0.9.12 (/opt/ros/foxy/share/ament_cmake/cmake)
-- Found PythonInterp: /usr/bin/python3 (found suitable version "3.8.10", minimum required is "3") 
-- Using PYTHON_EXECUTABLE: /usr/bin/python3
-- Found rclpy: 1.0.13 (/opt/ros/foxy/share/rclpy/cmake)
-- Found std_msgs: 2.0.5 (/opt/ros/foxy/share/std_msgs/cmake)
-- Using all available rosidl_typesupport_c: rosidl_typesupport_fastrtps_c;rosidl_typesupport_introspection_c
-- Found rosidl_adapter: 1.3.1 (/opt/ros/foxy/share/rosidl_adapter/cmake)
-- Found OpenSSL: /usr/lib/x86_64-linux-gnu/libcrypto.so (found version "1.1.1f")  
-- Found FastRTPS: /opt/ros/foxy/include  
-- Using all available rosidl_typesupport_cpp: rosidl_typesupport_fastrtps_cpp;rosidl_typesupport_introspection_cpp
-- Found geometry_msgs: 2.0.5 (/opt/ros/foxy/share/geometry_msgs/cmake)
-- Configuring done
-- Generating done
-- Build files have been written to: /home/user1/catkin_ws/src/rft64_6a01_ros2_interface/build/rft64_6a01_ros2_interface
-- Install configuration: ""
-- Installing: /home/user1/catkin_ws/src/rft64_6a01_ros2_interface/install/rft64_6a01_ros2_interface/lib/rft64_6a01_ros2_interface/interface.py
-- Installing: /home/user1/catkin_ws/src/rft64_6a01_ros2_interface/install/rft64_6a01_ros2_interface/share/ament_index/resource_index/package_run_dependencies/rft64_6a01_ros2_interface
-- Installing: /home/user1/catkin_ws/src/rft64_6a01_ros2_interface/install/rft64_6a01_ros2_interface/share/ament_index/resource_index/parent_prefix_path/rft64_6a01_ros2_interface
-- Installing: /home/user1/catkin_ws/src/rft64_6a01_ros2_interface/install/rft64_6a01_ros2_interface/share/rft64_6a01_ros2_interface/environment/ament_prefix_path.sh
-- Installing: /home/user1/catkin_ws/src/rft64_6a01_ros2_interface/install/rft64_6a01_ros2_interface/share/rft64_6a01_ros2_interface/environment/ament_prefix_path.dsv
-- Installing: /home/user1/catkin_ws/src/rft64_6a01_ros2_interface/install/rft64_6a01_ros2_interface/share/rft64_6a01_ros2_interface/environment/path.sh
-- Installing: /home/user1/catkin_ws/src/rft64_6a01_ros2_interface/install/rft64_6a01_ros2_interface/share/rft64_6a01_ros2_interface/environment/path.dsv
-- Installing: /home/user1/catkin_ws/src/rft64_6a01_ros2_interface/install/rft64_6a01_ros2_interface/share/rft64_6a01_ros2_interface/local_setup.bash
-- Installing: /home/user1/catkin_ws/src/rft64_6a01_ros2_interface/install/rft64_6a01_ros2_interface/share/rft64_6a01_ros2_interface/local_setup.sh
-- Installing: /home/user1/catkin_ws/src/rft64_6a01_ros2_interface/install/rft64_6a01_ros2_interface/share/rft64_6a01_ros2_interface/local_setup.zsh
-- Installing: /home/user1/catkin_ws/src/rft64_6a01_ros2_interface/install/rft64_6a01_ros2_interface/share/rft64_6a01_ros2_interface/local_setup.dsv
-- Installing: /home/user1/catkin_ws/src/rft64_6a01_ros2_interface/install/rft64_6a01_ros2_interface/share/rft64_6a01_ros2_interface/package.dsv
-- Installing: /home/user1/catkin_ws/src/rft64_6a01_ros2_interface/install/rft64_6a01_ros2_interface/share/ament_index/resource_index/packages/rft64_6a01_ros2_interface
-- Installing: /home/user1/catkin_ws/src/rft64_6a01_ros2_interface/install/rft64_6a01_ros2_interface/share/rft64_6a01_ros2_interface/cmake/rft64_6a01_ros2_interfaceConfig.cmake
-- Installing: /home/user1/catkin_ws/src/rft64_6a01_ros2_interface/install/rft64_6a01_ros2_interface/share/rft64_6a01_ros2_interface/cmake/rft64_6a01_ros2_interfaceConfig-version.cmake
-- Installing: /home/user1/catkin_ws/src/rft64_6a01_ros2_interface/install/rft64_6a01_ros2_interface/share/rft64_6a01_ros2_interface/package.xml
