[0.007s] Invoking command in '/home/user1/catkin_ws/src/rft64_6a01_ros2_interface/build/rft64_6a01_ros2_interface': CMAKE_PREFIX_PATH=${CMAKE_PREFIX_PATH}:/opt/ros/foxy /usr/bin/cmake /home/user1/catkin_ws/src/rft64_6a01_ros2_interface -DCMAKE_INSTALL_PREFIX=/home/user1/catkin_ws/src/rft64_6a01_ros2_interface/install/rft64_6a01_ros2_interface
[0.039s] -- The C compiler identification is GNU 9.4.0
[0.067s] -- The CXX compiler identification is GNU 9.4.0
[0.070s] -- Check for working C compiler: /usr/bin/cc
[0.112s] -- Check for working C compiler: /usr/bin/cc -- works
[0.117s] -- Detecting C compiler ABI info
[0.155s] -- Detecting C compiler ABI info - done
[0.162s] -- Detecting C compile features
[0.164s] -- Detecting C compile features - done
[0.166s] -- Check for working CXX compiler: /usr/bin/c++
[0.218s] -- Check for working CXX compiler: /usr/bin/c++ -- works
[0.220s] -- Detecting CXX compiler ABI info
[0.266s] -- Detecting CXX compiler ABI info - done
[0.271s] -- Detecting CXX compile features
[0.273s] -- Detecting CXX compile features - done
[0.275s] -- Found ament_cmake: 0.9.12 (/opt/ros/foxy/share/ament_cmake/cmake)
[0.288s] -- Found PythonInterp: /usr/bin/python3 (found suitable version "3.8.10", minimum required is "3") 
[0.290s] -- Using PYTHON_EXECUTABLE: /usr/bin/python3
[0.383s] -- Found rclpy: 1.0.13 (/opt/ros/foxy/share/rclpy/cmake)
[0.385s] -- Found std_msgs: 2.0.5 (/opt/ros/foxy/share/std_msgs/cmake)
[0.399s] -- Using all available rosidl_typesupport_c: rosidl_typesupport_fastrtps_c;rosidl_typesupport_introspection_c
[0.403s] -- Found rosidl_adapter: 1.3.1 (/opt/ros/foxy/share/rosidl_adapter/cmake)
[0.444s] -- Found OpenSSL: /usr/lib/x86_64-linux-gnu/libcrypto.so (found version "1.1.1f")  
[0.463s] -- Found FastRTPS: /opt/ros/foxy/include  
[0.502s] -- Using all available rosidl_typesupport_cpp: rosidl_typesupport_fastrtps_cpp;rosidl_typesupport_introspection_cpp
[0.528s] -- Found geometry_msgs: 2.0.5 (/opt/ros/foxy/share/geometry_msgs/cmake)
[0.575s] -- Configuring done
[0.579s] -- Generating done
[0.581s] -- Build files have been written to: /home/user1/catkin_ws/src/rft64_6a01_ros2_interface/build/rft64_6a01_ros2_interface
[0.585s] Invoked command in '/home/user1/catkin_ws/src/rft64_6a01_ros2_interface/build/rft64_6a01_ros2_interface' returned '0': CMAKE_PREFIX_PATH=${CMAKE_PREFIX_PATH}:/opt/ros/foxy /usr/bin/cmake /home/user1/catkin_ws/src/rft64_6a01_ros2_interface -DCMAKE_INSTALL_PREFIX=/home/user1/catkin_ws/src/rft64_6a01_ros2_interface/install/rft64_6a01_ros2_interface
[0.585s] Invoking command in '/home/user1/catkin_ws/src/rft64_6a01_ros2_interface/build/rft64_6a01_ros2_interface': CMAKE_PREFIX_PATH=${CMAKE_PREFIX_PATH}:/opt/ros/foxy /usr/bin/cmake --build /home/user1/catkin_ws/src/rft64_6a01_ros2_interface/build/rft64_6a01_ros2_interface -- -j1 -l1
[0.610s] Invoked command in '/home/user1/catkin_ws/src/rft64_6a01_ros2_interface/build/rft64_6a01_ros2_interface' returned '0': CMAKE_PREFIX_PATH=${CMAKE_PREFIX_PATH}:/opt/ros/foxy /usr/bin/cmake --build /home/user1/catkin_ws/src/rft64_6a01_ros2_interface/build/rft64_6a01_ros2_interface -- -j1 -l1
[0.617s] Invoking command in '/home/user1/catkin_ws/src/rft64_6a01_ros2_interface/build/rft64_6a01_ros2_interface': CMAKE_PREFIX_PATH=${CMAKE_PREFIX_PATH}:/opt/ros/foxy /usr/bin/cmake --install /home/user1/catkin_ws/src/rft64_6a01_ros2_interface/build/rft64_6a01_ros2_interface
[0.622s] -- Install configuration: ""
[0.623s] -- Installing: /home/user1/catkin_ws/src/rft64_6a01_ros2_interface/install/rft64_6a01_ros2_interface/lib/rft64_6a01_ros2_interface/interface.py
[0.624s] -- Installing: /home/user1/catkin_ws/src/rft64_6a01_ros2_interface/install/rft64_6a01_ros2_interface/share/ament_index/resource_index/package_run_dependencies/rft64_6a01_ros2_interface
[0.625s] -- Installing: /home/user1/catkin_ws/src/rft64_6a01_ros2_interface/install/rft64_6a01_ros2_interface/share/ament_index/resource_index/parent_prefix_path/rft64_6a01_ros2_interface
[0.625s] -- Installing: /home/user1/catkin_ws/src/rft64_6a01_ros2_interface/install/rft64_6a01_ros2_interface/share/rft64_6a01_ros2_interface/environment/ament_prefix_path.sh
[0.626s] -- Installing: /home/user1/catkin_ws/src/rft64_6a01_ros2_interface/install/rft64_6a01_ros2_interface/share/rft64_6a01_ros2_interface/environment/ament_prefix_path.dsv
[0.627s] -- Installing: /home/user1/catkin_ws/src/rft64_6a01_ros2_interface/install/rft64_6a01_ros2_interface/share/rft64_6a01_ros2_interface/environment/path.sh
[0.627s] -- Installing: /home/user1/catkin_ws/src/rft64_6a01_ros2_interface/install/rft64_6a01_ros2_interface/share/rft64_6a01_ros2_interface/environment/path.dsv
[0.628s] -- Installing: /home/user1/catkin_ws/src/rft64_6a01_ros2_interface/install/rft64_6a01_ros2_interface/share/rft64_6a01_ros2_interface/local_setup.bash
[0.628s] -- Installing: /home/user1/catkin_ws/src/rft64_6a01_ros2_interface/install/rft64_6a01_ros2_interface/share/rft64_6a01_ros2_interface/local_setup.sh
[0.629s] -- Installing: /home/user1/catkin_ws/src/rft64_6a01_ros2_interface/install/rft64_6a01_ros2_interface/share/rft64_6a01_ros2_interface/local_setup.zsh
[0.629s] -- Installing: /home/user1/catkin_ws/src/rft64_6a01_ros2_interface/install/rft64_6a01_ros2_interface/share/rft64_6a01_ros2_interface/local_setup.dsv
[0.630s] -- Installing: /home/user1/catkin_ws/src/rft64_6a01_ros2_interface/install/rft64_6a01_ros2_interface/share/rft64_6a01_ros2_interface/package.dsv
[0.631s] -- Installing: /home/user1/catkin_ws/src/rft64_6a01_ros2_interface/install/rft64_6a01_ros2_interface/share/ament_index/resource_index/packages/rft64_6a01_ros2_interface
[0.631s] -- Installing: /home/user1/catkin_ws/src/rft64_6a01_ros2_interface/install/rft64_6a01_ros2_interface/share/rft64_6a01_ros2_interface/cmake/rft64_6a01_ros2_interfaceConfig.cmake
[0.631s] -- Installing: /home/user1/catkin_ws/src/rft64_6a01_ros2_interface/install/rft64_6a01_ros2_interface/share/rft64_6a01_ros2_interface/cmake/rft64_6a01_ros2_interfaceConfig-version.cmake
[0.631s] -- Installing: /home/user1/catkin_ws/src/rft64_6a01_ros2_interface/install/rft64_6a01_ros2_interface/share/rft64_6a01_ros2_interface/package.xml
[0.636s] Invoked command in '/home/user1/catkin_ws/src/rft64_6a01_ros2_interface/build/rft64_6a01_ros2_interface' returned '0': CMAKE_PREFIX_PATH=${CMAKE_PREFIX_PATH}:/opt/ros/foxy /usr/bin/cmake --install /home/user1/catkin_ws/src/rft64_6a01_ros2_interface/build/rft64_6a01_ros2_interface
